<?xml version="1.0" encoding="UTF-8"?>
<!-- Generated by org.testng.reporters.JUnitXMLReporter -->
<testsuite ignored="0" hostname="DESKTOP-2IAD9CD" failures="0" tests="3" name="Default test" time="0.08" errors="0" timestamp="2023-03-21T08:57:50 IST">
  <testcase classname="com.demoTest.TestNGArun" name="College" time="0.01"/>
  <testcase classname="com.demoTest.TestNGArun" name="highSchool" time="0.003"/>
  <testcase classname="com.demoTest.TestNGArun" name="Company" time="0.004"/>
</testsuite> <!-- Default test -->
